leftImg8bit/train/20221110_192346_724_39.43951°, -0.35156°, -3.2m, 5.23704.jpg	gtFine/train/20221110_192346_724_39.43951°, -0.35156°, -3.2m, 5.23704_gtFine_labelIds.png
leftImg8bit/train/20221110_200630_737_39.56063°, -0.31695°, 23.9m, 4.70202.jpg	gtFine/train/20221110_200630_737_39.56063°, -0.31695°, 23.9m, 4.70202_gtFine_labelIds.png
leftImg8bit/train/20221109_004516_377_39.89337°, -0.10749°, 24.4m, 10.2786 - Copy.jpg	gtFine/train/20221109_004516_377_39.89337°, -0.10749°, 24.4m, 10.2786 - Copy_gtFine_labelIds.png
leftImg8bit/train/20221115_183941_898_39.21256°, -0.44017°, 7.3m, 10.8908.jpg	gtFine/train/20221115_183941_898_39.21256°, -0.44017°, 7.3m, 10.8908_gtFine_labelIds.png
leftImg8bit/train/20221126_001357_073_38.91495°, -1.64274°, 839m, 11.8425.jpg	gtFine/train/20221126_001357_073_38.91495°, -1.64274°, 839m, 11.8425_gtFine_labelIds.png
leftImg8bit/train/20221115_183433_907_39.24682°, -0.43519°, 11.1m, 12.5987.jpg	gtFine/train/20221115_183433_907_39.24682°, -0.43519°, 11.1m, 12.5987_gtFine_labelIds.png
leftImg8bit/train/20221115_185527_909_39.19184°, -0.44170°, 19.7m, 3.08667.jpg	gtFine/train/20221115_185527_909_39.19184°, -0.44170°, 19.7m, 3.08667_gtFine_labelIds.png
leftImg8bit/train/20221108_223011_204_39.55995°, -0.31722°, 16.2m, 9.08509.jpg	gtFine/train/20221108_223011_204_39.55995°, -0.31722°, 16.2m, 9.08509_gtFine_labelIds.png
leftImg8bit/train/20221115_185847_903_39.18094°, -0.44442°, 9.8m, 11.2149.jpg	gtFine/train/20221115_185847_903_39.18094°, -0.44442°, 9.8m, 11.2149_gtFine_labelIds.png
leftImg8bit/train/20221108_221909_204_39.49834°, -0.32905°, 6.9m, 11.1274.jpg	gtFine/train/20221108_221909_204_39.49834°, -0.32905°, 6.9m, 11.1274_gtFine_labelIds.png
leftImg8bit/train/20221126_000042_038_38.91996°, -1.54285°, 895.7m, 12.9331.jpg	gtFine/train/20221126_000042_038_38.91996°, -1.54285°, 895.7m, 12.9331_gtFine_labelIds.png
leftImg8bit/train/20221108_221658_230_39.48517°, -0.33156°, 9.9m, 10.4895.jpg	gtFine/train/20221108_221658_230_39.48517°, -0.33156°, 9.9m, 10.4895_gtFine_labelIds.png
leftImg8bit/train/20221108_222238_203_39.51922°, -0.32500°, 11.3m, 11.1943.jpg	gtFine/train/20221108_222238_203_39.51922°, -0.32500°, 11.3m, 11.1943_gtFine_labelIds.png
leftImg8bit/train/20221108_222136_204_39.51315°, -0.32620°, 7.7m, 11.431.jpg	gtFine/train/20221108_222136_204_39.51315°, -0.32620°, 7.7m, 11.431_gtFine_labelIds.png
leftImg8bit/train/20221115_183915_897_39.21524°, -0.44012°, 5.8m, 12.146.jpg	gtFine/train/20221115_183915_897_39.21524°, -0.44012°, 5.8m, 12.146_gtFine_labelIds.png
leftImg8bit/train/20221116_214245_700_38.93122°, -0.63033°, 206.9m, 11.7859.jpg	gtFine/train/20221116_214245_700_38.93122°, -0.63033°, 206.9m, 11.7859_gtFine_labelIds.png
leftImg8bit/train/20221108_222303_201_39.52175°, -0.32454°, 9.5m, 11.5287.jpg	gtFine/train/20221108_222303_201_39.52175°, -0.32454°, 9.5m, 11.5287_gtFine_labelIds.png
leftImg8bit/train/20221110_201244_748_39.61320°, -0.30722°, 19.4m, 16.5137.jpg	gtFine/train/20221110_201244_748_39.61320°, -0.30722°, 19.4m, 16.5137_gtFine_labelIds.png
leftImg8bit/train/20221115_183911_897_39.21568°, -0.44011°, 6.1m, 12.3107.jpg	gtFine/train/20221115_183911_897_39.21568°, -0.44011°, 6.1m, 12.3107_gtFine_labelIds.png
leftImg8bit/train/20221118_220854_801_38.02937°, -1.23663°, 81m, 10.8291.jpg	gtFine/train/20221118_220854_801_38.02937°, -1.23663°, 81m, 10.8291_gtFine_labelIds.png
leftImg8bit/train/20221109_003647_380_39.94029°, -0.09002°, 45.4m, 12.0277.jpg	gtFine/train/20221109_003647_380_39.94029°, -0.09002°, 45.4m, 12.0277_gtFine_labelIds.png
leftImg8bit/train/20221104_181255_044_39.44043°, -0.34160°, 10m, 11.6522.jpg	gtFine/train/20221104_181255_044_39.44043°, -0.34160°, 10m, 11.6522_gtFine_labelIds.png
leftImg8bit/train/20221115_184413_902_39.19283°, -0.44142°, 18.3m, 2.55679.jpg	gtFine/train/20221115_184413_902_39.19283°, -0.44142°, 18.3m, 2.55679_gtFine_labelIds.png
leftImg8bit/train/20221110_201140_738_39.60392°, -0.30883°, 18.8m, 16.4879.jpg	gtFine/train/20221110_201140_738_39.60392°, -0.30883°, 18.8m, 16.4879_gtFine_labelIds.png
leftImg8bit/train/20221116_212943_687_38.98081°, -0.55140°, 117.2m, 11.7808.jpg	gtFine/train/20221116_212943_687_38.98081°, -0.55140°, 117.2m, 11.7808_gtFine_labelIds.png
leftImg8bit/train/20221108_222030_202_39.50622°, -0.32754°, 7.1m, 12.1409.jpg	gtFine/train/20221108_222030_202_39.50622°, -0.32754°, 7.1m, 12.1409_gtFine_labelIds.png
leftImg8bit/train/20221108_221725_208_39.48776°, -0.33106°, 8.6m, 11.4104.jpg	gtFine/train/20221108_221725_208_39.48776°, -0.33106°, 8.6m, 11.4104_gtFine_labelIds.png
leftImg8bit/train/20221108_235259_227_39.93902°, -0.09096°, 51.2m, 8.81243.jpg	gtFine/train/20221108_235259_227_39.93902°, -0.09096°, 51.2m, 8.81243_gtFine_labelIds.png
leftImg8bit/train/20221108_222246_204_39.52002°, -0.32486°, 10.3m, 11.2509.jpg	gtFine/train/20221108_222246_204_39.52002°, -0.32486°, 10.3m, 11.2509_gtFine_labelIds.png
leftImg8bit/train/20221108_221627_230_39.48170°, -0.33242°, 3.6m, 17.2956.jpg	gtFine/train/20221108_221627_230_39.48170°, -0.33242°, 3.6m, 17.2956_gtFine_labelIds.png
leftImg8bit/train/20221108_221843_209_39.49573°, -0.32953°, 8.8m, 11.4207.jpg	gtFine/train/20221108_221843_209_39.49573°, -0.32953°, 8.8m, 11.4207_gtFine_labelIds.png
leftImg8bit/train/20221122_223353_519_38.76469°, -0.95399°, 648.7m, 1.32727.jpg	gtFine/train/20221122_223353_519_38.76469°, -0.95399°, 648.7m, 1.32727_gtFine_labelIds.png
leftImg8bit/train/20221108_221750_225_39.49039°, -0.33055°, 8m, 11.7911.jpg	gtFine/train/20221108_221750_225_39.49039°, -0.33055°, 8m, 11.7911_gtFine_labelIds.png
leftImg8bit/train/20221108_221749_225_39.49029°, -0.33057°, 7.9m, 11.9505.jpg	gtFine/train/20221108_221749_225_39.49029°, -0.33057°, 7.9m, 11.9505_gtFine_labelIds.png
leftImg8bit/train/20221110_201359_739_39.62342°, -0.30064°, 18.8m, 18.0982.jpg	gtFine/train/20221110_201359_739_39.62342°, -0.30064°, 18.8m, 18.0982_gtFine_labelIds.png
leftImg8bit/train/20221116_214942_694_38.91537°, -0.67553°, 261.4m, 8.04077.jpg	gtFine/train/20221116_214942_694_38.91537°, -0.67553°, 261.4m, 8.04077_gtFine_labelIds.png
leftImg8bit/train/20221122_223405_519_38.76453°, -0.95390°, 647.7m, 1.93431.jpg	gtFine/train/20221122_223405_519_38.76453°, -0.95390°, 647.7m, 1.93431_gtFine_labelIds.png
leftImg8bit/train/20221108_234021_250_39.88406°, -0.11789°, 27.7m, 10.0008.jpg	gtFine/train/20221108_234021_250_39.88406°, -0.11789°, 27.7m, 10.0008_gtFine_labelIds.png
leftImg8bit/train/20221109_003700_379_39.93905°, -0.09109°, 45.5m, 11.5133.jpg	gtFine/train/20221109_003700_379_39.93905°, -0.09109°, 45.5m, 11.5133_gtFine_labelIds.png
leftImg8bit/train/20221126_001204_069_38.91767°, -1.63005°, 846.7m, 13.1646.jpg	gtFine/train/20221126_001204_069_38.91767°, -1.63005°, 846.7m, 13.1646_gtFine_labelIds.png
leftImg8bit/train/20221108_222230_202_39.51842°, -0.32512°, 12.8m, 11.2818.jpg	gtFine/train/20221108_222230_202_39.51842°, -0.32512°, 12.8m, 11.2818_gtFine_labelIds.png
leftImg8bit/train/20221115_185526_909_39.19187°, -0.44169°, 19.9m, 3.31817.jpg	gtFine/train/20221115_185526_909_39.19187°, -0.44169°, 19.9m, 3.31817_gtFine_labelIds.png
leftImg8bit/train/20221108_234453_261_39.90100°, -0.10204°, 32.5m, 9.19827.jpg	gtFine/train/20221108_234453_261_39.90100°, -0.10204°, 32.5m, 9.19827_gtFine_labelIds.png
leftImg8bit/train/20221108_221622_226_39.46057°, -0.33997°, 1.6m, 15.7626.jpg	gtFine/train/20221108_221622_226_39.46057°, -0.33997°, 1.6m, 15.7626_gtFine_labelIds.png
leftImg8bit/train/20221115_185741_903_39.18809°, -0.44252°, 17m, 8.76099.jpg	gtFine/train/20221115_185741_903_39.18809°, -0.44252°, 17m, 8.76099_gtFine_labelIds.png
leftImg8bit/train/20221108_234544_264_39.90532°, -0.10222°, 28.6m, 9.40919.jpg	gtFine/train/20221108_234544_264_39.90532°, -0.10222°, 28.6m, 9.40919_gtFine_labelIds.png
leftImg8bit/train/20221108_222306_203_39.52206°, -0.32449°, 8.9m, 11.3126.jpg	gtFine/train/20221108_222306_203_39.52206°, -0.32449°, 8.9m, 11.3126_gtFine_labelIds.png
leftImg8bit/train/20221108_222209_202_39.51647°, -0.32554°, 9m, 10.613.jpg	gtFine/train/20221108_222209_202_39.51647°, -0.32554°, 9m, 10.613_gtFine_labelIds.png
leftImg8bit/train/20221115_190000_906_39.17256°, -0.44667°, 7.4m, 12.2952.jpg	gtFine/train/20221115_190000_906_39.17256°, -0.44667°, 7.4m, 12.2952_gtFine_labelIds.png
leftImg8bit/train/20221115_185512_904_39.19225°, -0.44161°, 21.1m, 2.44361.jpg	gtFine/train/20221115_185512_904_39.19225°, -0.44161°, 21.1m, 2.44361_gtFine_labelIds.png
leftImg8bit/train/20221115_184014_900_39.20935°, -0.44018°, 9.3m, 11.6264.jpg	gtFine/train/20221115_184014_900_39.20935°, -0.44018°, 9.3m, 11.6264_gtFine_labelIds.png
leftImg8bit/train/20221115_190238_908_39.15791°, -0.45049°, 14.7m, 4.78433.jpg	gtFine/train/20221115_190238_908_39.15791°, -0.45049°, 14.7m, 4.78433_gtFine_labelIds.png
leftImg8bit/train/20221108_222834_202_39.55281°, -0.31862°, 19.7m, 8.0099.jpg	gtFine/train/20221108_222834_202_39.55281°, -0.31862°, 19.7m, 8.0099_gtFine_labelIds.png
leftImg8bit/train/20221115_184133_923_39.20084°, -0.44024°, 9.5m, 9.92878.jpg	gtFine/train/20221115_184133_923_39.20084°, -0.44024°, 9.5m, 9.92878_gtFine_labelIds.png
leftImg8bit/train/20221108_222055_227_39.50889°, -0.32702°, 7.8m, 11.9866.jpg	gtFine/train/20221108_222055_227_39.50889°, -0.32702°, 7.8m, 11.9866_gtFine_labelIds.png
leftImg8bit/train/20221109_004516_377_39.89337°, -0.10749°, 24.4m, 10.2786.jpg	gtFine/train/20221109_004516_377_39.89337°, -0.10749°, 24.4m, 10.2786_gtFine_labelIds.png
leftImg8bit/train/20221108_234110_258_39.88713°, -0.11438°, 29.7m, 9.09023.jpg	gtFine/train/20221108_234110_258_39.88713°, -0.11438°, 29.7m, 9.09023_gtFine_labelIds.png
leftImg8bit/train/20221108_222252_203_39.52063°, -0.32475°, 10.2m, 11.467.jpg	gtFine/train/20221108_222252_203_39.52063°, -0.32475°, 10.2m, 11.467_gtFine_labelIds.png
leftImg8bit/train/20221108_221621_231_39.46057°, -0.33997°, 1.6m, 15.7626.jpg	gtFine/train/20221108_221621_231_39.46057°, -0.33997°, 1.6m, 15.7626_gtFine_labelIds.png
leftImg8bit/train/20221109_003646_378_39.94038°, -0.08994°, 45.3m, 12.0071.jpg	gtFine/train/20221109_003646_378_39.94038°, -0.08994°, 45.3m, 12.0071_gtFine_labelIds.png
leftImg8bit/train/20221118_223120_806_38.14107°, -1.24187°, 161.1m, 12.2695.jpg	gtFine/train/20221118_223120_806_38.14107°, -1.24187°, 161.1m, 12.2695_gtFine_labelIds.png
leftImg8bit/train/20221108_221858_203_39.49725°, -0.32926°, 6.5m, 11.1326.jpg	gtFine/train/20221108_221858_203_39.49725°, -0.32926°, 6.5m, 11.1326_gtFine_labelIds.png
leftImg8bit/train/20221108_222305_226_39.52196°, -0.32451°, 9m, 11.5493.jpg	gtFine/train/20221108_222305_226_39.52196°, -0.32451°, 9m, 11.5493_gtFine_labelIds.png
leftImg8bit/train/20221108_221732_202_39.48848°, -0.33092°, 8.1m, 11.7345.jpg	gtFine/train/20221108_221732_202_39.48848°, -0.33092°, 8.1m, 11.7345_gtFine_labelIds.png
leftImg8bit/train/20221115_184157_923_39.19911°, -0.44030°, 15.7m, 6.76494.jpg	gtFine/train/20221115_184157_923_39.19911°, -0.44030°, 15.7m, 6.76494_gtFine_labelIds.png
leftImg8bit/train/20221109_004714_380_39.88409°, -0.11800°, 22.4m, 11.5956.jpg	gtFine/train/20221109_004714_380_39.88409°, -0.11800°, 22.4m, 11.5956_gtFine_labelIds.png
leftImg8bit/train/20221118_222432_804_38.10653°, -1.22417°, 122.8m, 10.5564.jpg	gtFine/train/20221118_222432_804_38.10653°, -1.22417°, 122.8m, 10.5564_gtFine_labelIds.png
leftImg8bit/train/20221108_221651_226_39.48455°, -0.33170°, 8.1m, 10.2786.jpg	gtFine/train/20221108_221651_226_39.48455°, -0.33170°, 8.1m, 10.2786_gtFine_labelIds.png
leftImg8bit/train/20221108_225855_217_39.70419°, -0.25059°, 27.8m, 12.9177.jpg	gtFine/train/20221108_225855_217_39.70419°, -0.25059°, 27.8m, 12.9177_gtFine_labelIds.png
leftImg8bit/train/20221108_222121_202_39.51161°, -0.32649°, 7.4m, 11.6933.jpg	gtFine/train/20221108_222121_202_39.51161°, -0.32649°, 7.4m, 11.6933_gtFine_labelIds.png
leftImg8bit/train/20221115_185547_906_39.19116°, -0.44187°, 22.3m, 4.07954.jpg	gtFine/train/20221115_185547_906_39.19116°, -0.44187°, 22.3m, 4.07954_gtFine_labelIds.png
leftImg8bit/train/20221108_234139_250_39.88879°, -0.11257°, 25m, 8.08707.jpg	gtFine/train/20221108_234139_250_39.88879°, -0.11257°, 25m, 8.08707_gtFine_labelIds.png
leftImg8bit/train/20221108_222019_202_39.50502°, -0.32777°, 8m, 12.0174.jpg	gtFine/train/20221108_222019_202_39.50502°, -0.32777°, 8m, 12.0174_gtFine_labelIds.png
leftImg8bit/train/20221115_184147_902_39.19974°, -0.44029°, 13m, 7.35141.jpg	gtFine/train/20221115_184147_902_39.19974°, -0.44029°, 13m, 7.35141_gtFine_labelIds.png
leftImg8bit/train/20221118_220946_804_38.03412°, -1.23875°, 79.3m, 9.74358.jpg	gtFine/train/20221118_220946_804_38.03412°, -1.23875°, 79.3m, 9.74358_gtFine_labelIds.png
leftImg8bit/train/20221115_204752_939_39.02702°, -0.47741°, 67.8m, 14.3993.jpg	gtFine/train/20221115_204752_939_39.02702°, -0.47741°, 67.8m, 14.3993_gtFine_labelIds.png
leftImg8bit/train/20221108_221759_231_39.49130°, -0.33036°, 9.1m, 11.1532.jpg	gtFine/train/20221108_221759_231_39.49130°, -0.33036°, 9.1m, 11.1532_gtFine_labelIds.png
leftImg8bit/train/20221115_184152_901_39.19943°, -0.44029°, 14.6m, 7.18679.jpg	gtFine/train/20221115_184152_901_39.19943°, -0.44029°, 14.6m, 7.18679_gtFine_labelIds.png
leftImg8bit/train/20221108_222140_203_39.51355°, -0.32612°, 7.6m, 11.3692.jpg	gtFine/train/20221108_222140_203_39.51355°, -0.32612°, 7.6m, 11.3692_gtFine_labelIds.png
leftImg8bit/train/20221108_234116_226_39.88750°, -0.11398°, 28.2m, 8.76099.jpg	gtFine/train/20221108_234116_226_39.88750°, -0.11398°, 28.2m, 8.76099_gtFine_labelIds.png
leftImg8bit/train/20221104_181330_053_39.43896°, -0.34570°, 4m, 11.1892.jpg	gtFine/train/20221104_181330_053_39.43896°, -0.34570°, 4m, 11.1892_gtFine_labelIds.png
leftImg8bit/train/20221118_223511_812_38.16550°, -1.25630°, 193.6m, 15.4025.jpg	gtFine/train/20221118_223511_812_38.16550°, -1.25630°, 193.6m, 15.4025_gtFine_labelIds.png
leftImg8bit/train/20221115_183450_909_39.24498°, -0.43549°, 11.3m, 12.6296.jpg	gtFine/train/20221115_183450_909_39.24498°, -0.43549°, 11.3m, 12.6296_gtFine_labelIds.png
leftImg8bit/train/20221108_222144_201_39.51396°, -0.32605°, 7m, 11.3949.jpg	gtFine/train/20221108_222144_201_39.51396°, -0.32605°, 7m, 11.3949_gtFine_labelIds.png
leftImg8bit/train/20221108_223011_204_39.55995°, -0.31722°, 16.2m, 9.08509 - Copy.jpg	gtFine/train/20221108_223011_204_39.55995°, -0.31722°, 16.2m, 9.08509 - Copy_gtFine_labelIds.png
leftImg8bit/train/20221115_171408_898_39.43733°, -0.38687°, 15.6m, 3.60626.jpg	gtFine/train/20221115_171408_898_39.43733°, -0.38687°, 15.6m, 3.60626_gtFine_labelIds.png
leftImg8bit/train/20221014111114_000_[F][0@0][0].jpg	gtFine/train/20221014111114_000_[F][0@0][0]_gtFine_labelIds.png
leftImg8bit/train/20221014094311_000_[F][0@0][0].jpg	gtFine/train/20221014094311_000_[F][0@0][0]_gtFine_labelIds.png
leftImg8bit/train/20221013145906_000_[F][0@0][0].jpg	gtFine/train/20221013145906_000_[F][0@0][0]_gtFine_labelIds.png
leftImg8bit/train/20221115_171655_902_39.43247°, -0.38847°, 16m, 0.jpg	gtFine/train/20221115_171655_902_39.43247°, -0.38847°, 16m, 0_gtFine_labelIds.png
leftImg8bit/train/20221102_165454_064_40.13558°, -0.81218°, 967m, 13.2675.jpg	gtFine/train/20221102_165454_064_40.13558°, -0.81218°, 967m, 13.2675_gtFine_labelIds.png
leftImg8bit/train/20221104_163504_036_39.78436°, -0.38876°, 247.8m, 13.0669.jpg	gtFine/train/20221104_163504_036_39.78436°, -0.38876°, 247.8m, 13.0669_gtFine_labelIds.png
leftImg8bit/train/20221102_163109_049_40.04839°, -0.72416°, 958.4m, 12.82.jpg	gtFine/train/20221102_163109_049_40.04839°, -0.72416°, 958.4m, 12.82_gtFine_labelIds.png
leftImg8bit/train/20221014111252_000_[F][0@0][0].jpg	gtFine/train/20221014111252_000_[F][0@0][0]_gtFine_labelIds.png
leftImg8bit/train/20221014110615_000_[F][0@0][0].jpg	gtFine/train/20221014110615_000_[F][0@0][0]_gtFine_labelIds.png
leftImg8bit/train/20221013145952_000_[F][0@0][0].jpg	gtFine/train/20221013145952_000_[F][0@0][0]_gtFine_labelIds.png
leftImg8bit/train/20221013172720_000_[F][0@0][0].jpg	gtFine/train/20221013172720_000_[F][0@0][0]_gtFine_labelIds.png
leftImg8bit/train/20221129_111156_737_39.31453°, -2.88536°, 675.2m, 12.2541.jpg	gtFine/train/20221129_111156_737_39.31453°, -2.88536°, 675.2m, 12.2541_gtFine_labelIds.png
leftImg8bit/train/20221013165512_000_[F][0@0][0].jpg	gtFine/train/20221013165512_000_[F][0@0][0]_gtFine_labelIds.png
leftImg8bit/train/20221104_163853_035_39.77344°, -0.36823°, 207.4m, 4.26474.jpg	gtFine/train/20221104_163853_035_39.77344°, -0.36823°, 207.4m, 4.26474_gtFine_labelIds.png
leftImg8bit/train/20221115_171121_925_39.44175°, -0.38189°, 4.3m, 4.95924.jpg	gtFine/train/20221115_171121_925_39.44175°, -0.38189°, 4.3m, 4.95924_gtFine_labelIds.png
leftImg8bit/train/20221014084905_000_[F][0@0][0].jpg	gtFine/train/20221014084905_000_[F][0@0][0]_gtFine_labelIds.png
leftImg8bit/train/20221115_171316_897_39.43963°, -0.38607°, 14.3m, 5.61259.jpg	gtFine/train/20221115_171316_897_39.43963°, -0.38607°, 14.3m, 5.61259_gtFine_labelIds.png
leftImg8bit/train/20221104_161929_038_39.85604°, -0.48662°, 342.6m, 0.596756.jpg	gtFine/train/20221104_161929_038_39.85604°, -0.48662°, 342.6m, 0.596756_gtFine_labelIds.png
leftImg8bit/train/20221129_094834_667_39.22215°, -2.24827°, 728.6m, 11.8271.jpg	gtFine/train/20221129_094834_667_39.22215°, -2.24827°, 728.6m, 11.8271_gtFine_labelIds.png
leftImg8bit/train/20221014103632_000_[F][0@0][0].jpg	gtFine/train/20221014103632_000_[F][0@0][0]_gtFine_labelIds.png
leftImg8bit/train/20221014095126_000_[F][0@0][0].jpg	gtFine/train/20221014095126_000_[F][0@0][0]_gtFine_labelIds.png
leftImg8bit/train/20221129_114946_733_39.39632°, -3.14168°, 687.1m, 12.0483.jpg	gtFine/train/20221129_114946_733_39.39632°, -3.14168°, 687.1m, 12.0483_gtFine_labelIds.png
leftImg8bit/train/20221102_160110_042_39.95904°, -0.64925°, 830.4m, 5.13416.jpg	gtFine/train/20221102_160110_042_39.95904°, -0.64925°, 830.4m, 5.13416_gtFine_labelIds.png
leftImg8bit/train/20221102_170118_057_40.15057°, -0.84272°, 1012.5m, 12.6296.jpg	gtFine/train/20221102_170118_057_40.15057°, -0.84272°, 1012.5m, 12.6296_gtFine_labelIds.png
leftImg8bit/train/20221129_115152_692_39.39541°, -3.15986°, 683.4m, 12.0997.jpg	gtFine/train/20221129_115152_692_39.39541°, -3.15986°, 683.4m, 12.0997_gtFine_labelIds.png
leftImg8bit/train/20221129_103306_697_39.26088°, -2.59362°, 718.2m, 8.84844.jpg	gtFine/train/20221129_103306_697_39.26088°, -2.59362°, 718.2m, 8.84844_gtFine_labelIds.png
leftImg8bit/train/20221014103950_000_[F][0@0][0].jpg	gtFine/train/20221014103950_000_[F][0@0][0]_gtFine_labelIds.png
leftImg8bit/train/20221104_163944_040_39.77288°, -0.36791°, 208.4m, 0.jpg	gtFine/train/20221104_163944_040_39.77288°, -0.36791°, 208.4m, 0_gtFine_labelIds.png
leftImg8bit/train/20221013170012_000_[F][0@0][0].jpg	gtFine/train/20221013170012_000_[F][0@0][0]_gtFine_labelIds.png
leftImg8bit/train/20221102_165354_062_40.13511°, -0.80348°, 962.3m, 12.357.jpg	gtFine/train/20221102_165354_062_40.13511°, -0.80348°, 962.3m, 12.357_gtFine_labelIds.png
leftImg8bit/train/20221129_113351_713_39.36028°, -3.04149°, 655m, 10.6953.jpg	gtFine/train/20221129_113351_713_39.36028°, -3.04149°, 655m, 10.6953_gtFine_labelIds.png
leftImg8bit/train/20221104_181115_055_39.45283°, -0.34181°, 9m, 19.6724.jpg	gtFine/train/20221104_181115_055_39.45283°, -0.34181°, 9m, 19.6724_gtFine_labelIds.png
leftImg8bit/train/20221014091639_000_[F][0@0][0].jpg	gtFine/train/20221014091639_000_[F][0@0][0]_gtFine_labelIds.png
leftImg8bit/train/20221129_094714_645_39.21814°, -2.23794°, 725.8m, 12.9023.jpg	gtFine/train/20221129_094714_645_39.21814°, -2.23794°, 725.8m, 12.9023_gtFine_labelIds.png
leftImg8bit/train/20221013145902_000_[F][0@0][0].jpg	gtFine/train/20221013145902_000_[F][0@0][0]_gtFine_labelIds.png
leftImg8bit/train/20221104_174507_059_39.67103°, -0.27677°, 45.6m, 1.90344.jpg	gtFine/train/20221104_174507_059_39.67103°, -0.27677°, 45.6m, 1.90344_gtFine_labelIds.png
leftImg8bit/train/20221129_091445_671_39.11889°, -2.01070°, 703.4m, 12.609.jpg	gtFine/train/20221129_091445_671_39.11889°, -2.01070°, 703.4m, 12.609_gtFine_labelIds.png
leftImg8bit/train/20221013170514_000_[F][0@0][0].jpg	gtFine/train/20221013170514_000_[F][0@0][0]_gtFine_labelIds.png
leftImg8bit/train/20221129_115553_705_39.39388°, -3.19073°, 670.4m, 6.88841.jpg	gtFine/train/20221129_115553_705_39.39388°, -3.19073°, 670.4m, 6.88841_gtFine_labelIds.png
leftImg8bit/train/20221115_171511_896_39.43457°, -0.38773°, 12.6m, 6.54888.jpg	gtFine/train/20221115_171511_896_39.43457°, -0.38773°, 12.6m, 6.54888_gtFine_labelIds.png
leftImg8bit/train/20221129_113651_730_39.36834°, -3.05951°, 655.4m, 10.8908.jpg	gtFine/train/20221129_113651_730_39.36834°, -3.05951°, 655.4m, 10.8908_gtFine_labelIds.png
leftImg8bit/train/20221129_102352_690_39.26450°, -2.51725°, 723.3m, 11.5801.jpg	gtFine/train/20221129_102352_690_39.26450°, -2.51725°, 723.3m, 11.5801_gtFine_labelIds.png
leftImg8bit/train/20221104_084434_277_40.36563°, -1.12526°, 901.1m, 9.55838.jpg	gtFine/train/20221104_084434_277_40.36563°, -1.12526°, 901.1m, 9.55838_gtFine_labelIds.png
leftImg8bit/train/20221014085958_000_[F][0@0][0].jpg	gtFine/train/20221014085958_000_[F][0@0][0]_gtFine_labelIds.png
leftImg8bit/train/20221102_171534_083_40.19919°, -0.92574°, 1146.9m, 13.0103.jpg	gtFine/train/20221102_171534_083_40.19919°, -0.92574°, 1146.9m, 13.0103_gtFine_labelIds.png
leftImg8bit/train/20221129_113311_701_39.35825°, -3.03692°, 654.6m, 11.8888.jpg	gtFine/train/20221129_113311_701_39.35825°, -3.03692°, 654.6m, 11.8888_gtFine_labelIds.png
leftImg8bit/train/20221115_171222_873_39.44138°, -0.38446°, 10m, 3.79146.jpg	gtFine/train/20221115_171222_873_39.44138°, -0.38446°, 10m, 3.79146_gtFine_labelIds.png
leftImg8bit/train/20221102_163244_045_40.05957°, -0.72549°, 955.2m, 12.9074.jpg	gtFine/train/20221102_163244_045_40.05957°, -0.72549°, 955.2m, 12.9074_gtFine_labelIds.png
leftImg8bit/train/20221013162832_000_[F][0@0][0].jpg	gtFine/train/20221013162832_000_[F][0@0][0]_gtFine_labelIds.png
leftImg8bit/train/20221129_113522_701_39.36424°, -3.05035°, 654.7m, 9.43491.jpg	gtFine/train/20221129_113522_701_39.36424°, -3.05035°, 654.7m, 9.43491_gtFine_labelIds.png
leftImg8bit/train/20221013145921_000_[F][0@0][0].jpg	gtFine/train/20221013145921_000_[F][0@0][0]_gtFine_labelIds.png
leftImg8bit/train/20221129_115337_699_39.39469°, -3.17392°, 675.9m, 10.8856.jpg	gtFine/train/20221129_115337_699_39.39469°, -3.17392°, 675.9m, 10.8856_gtFine_labelIds.png
leftImg8bit/train/20221129_091225_682_39.10989°, -1.99841°, 704.7m, 8.04077.jpg	gtFine/train/20221129_091225_682_39.10989°, -1.99841°, 704.7m, 8.04077_gtFine_labelIds.png
leftImg8bit/train/20221014111935_000_[F][0@0][0].jpg	gtFine/train/20221014111935_000_[F][0@0][0]_gtFine_labelIds.png
leftImg8bit/train/20221102_160937_013_39.94771°, -0.67301°, 918.5m, 7.78354.jpg	gtFine/train/20221102_160937_013_39.94771°, -0.67301°, 918.5m, 7.78354_gtFine_labelIds.png
leftImg8bit/train/20221102_164149_061_40.11455°, -0.74874°, 944.3m, 0.jpg	gtFine/train/20221102_164149_061_40.11455°, -0.74874°, 944.3m, 0_gtFine_labelIds.png
leftImg8bit/train/20221013164014_000_[F][0@0][0].jpg	gtFine/train/20221013164014_000_[F][0@0][0]_gtFine_labelIds.png
leftImg8bit/train/20221014084819_000_[F][0@0][0].jpg	gtFine/train/20221014084819_000_[F][0@0][0]_gtFine_labelIds.png
leftImg8bit/train/20221013164836_000_[F][0@0][0].jpg	gtFine/train/20221013164836_000_[F][0@0][0]_gtFine_labelIds.png
leftImg8bit/train/20221013150036_000_[F][0@0][0].jpg	gtFine/train/20221013150036_000_[F][0@0][0]_gtFine_labelIds.png
leftImg8bit/train/20221129_115438_703_39.39432°, -3.18175°, 671.6m, 10.6953.jpg	gtFine/train/20221129_115438_703_39.39432°, -3.18175°, 671.6m, 10.6953_gtFine_labelIds.png
leftImg8bit/train/20221014091637_000_[F][0@0][0].jpg	gtFine/train/20221014091637_000_[F][0@0][0]_gtFine_labelIds.png
leftImg8bit/train/20221102_180632_094_40.33976°, -1.11002°, 885.3m, 0.jpg	gtFine/train/20221102_180632_094_40.33976°, -1.11002°, 885.3m, 0_gtFine_labelIds.png
leftImg8bit/train/20221129_114007_688_39.37747°, -3.08008°, 669.3m, 10.0831.jpg	gtFine/train/20221129_114007_688_39.37747°, -3.08008°, 669.3m, 10.0831_gtFine_labelIds.png
leftImg8bit/train/20221014094808_000_[F][0@0][0].jpg	gtFine/train/20221014094808_000_[F][0@0][0]_gtFine_labelIds.png
leftImg8bit/train/20221129_115057_704_39.39581°, -3.15191°, 684.1m, 13.0257.jpg	gtFine/train/20221129_115057_704_39.39581°, -3.15191°, 684.1m, 13.0257_gtFine_labelIds.png
leftImg8bit/train/20221013163514_000_[F][0@0][0].jpg	gtFine/train/20221013163514_000_[F][0@0][0]_gtFine_labelIds.png
leftImg8bit/train/20221014104132_000_[F][0@0][0].jpg	gtFine/train/20221014104132_000_[F][0@0][0]_gtFine_labelIds.png
leftImg8bit/train/20221014114853_000_[F][0@0][0].jpg	gtFine/train/20221014114853_000_[F][0@0][0]_gtFine_labelIds.png
leftImg8bit/train/20221014105754_000_[F][0@0][0].jpg	gtFine/train/20221014105754_000_[F][0@0][0]_gtFine_labelIds.png
leftImg8bit/train/20221013165334_000_[F][0@0][0].jpg	gtFine/train/20221013165334_000_[F][0@0][0]_gtFine_labelIds.png
leftImg8bit/train/20221129_115101_710_39.39578°, -3.15251°, 683.7m, 12.856.jpg	gtFine/train/20221129_115101_710_39.39578°, -3.15251°, 683.7m, 12.856_gtFine_labelIds.png
leftImg8bit/train/20221014100811_000_[F][0@0][0].jpg	gtFine/train/20221014100811_000_[F][0@0][0]_gtFine_labelIds.png
leftImg8bit/train/20221102_164223_055_40.11454°, -0.74874°, 943.2m, 0.jpg	gtFine/train/20221102_164223_055_40.11454°, -0.74874°, 943.2m, 0_gtFine_labelIds.png
leftImg8bit/train/20221014084818_000_[F][0@0][0].jpg	gtFine/train/20221014084818_000_[F][0@0][0]_gtFine_labelIds.png
leftImg8bit/train/20221129_091314_676_39.11272°, -2.00178°, 707.7m, 9.23428.jpg	gtFine/train/20221129_091314_676_39.11272°, -2.00178°, 707.7m, 9.23428_gtFine_labelIds.png
leftImg8bit/train/20221129_103021_712_39.26193°, -2.57219°, 723.3m, 12.6193.jpg	gtFine/train/20221129_103021_712_39.26193°, -2.57219°, 723.3m, 12.6193_gtFine_labelIds.png
leftImg8bit/train/20221129_111151_692_39.31419°, -2.88479°, 673.8m, 12.146.jpg	gtFine/train/20221129_111151_692_39.31419°, -2.88479°, 673.8m, 12.146_gtFine_labelIds.png
leftImg8bit/train/20221102_171714_066_40.20724°, -0.93595°, 1168.8m, 11.3949.jpg	gtFine/train/20221102_171714_066_40.20724°, -0.93595°, 1168.8m, 11.3949_gtFine_labelIds.png
leftImg8bit/train/20221102_180156_071_40.33920°, -1.10997°, 887.2m, 2.82944.jpg	gtFine/train/20221102_180156_071_40.33920°, -1.10997°, 887.2m, 2.82944_gtFine_labelIds.png
leftImg8bit/train/20221104_181200_049_39.44688°, -0.34103°, 10.2m, 13.283.jpg	gtFine/train/20221104_181200_049_39.44688°, -0.34103°, 10.2m, 13.283_gtFine_labelIds.png
leftImg8bit/train/20221102_170210_053_40.15269°, -0.84964°, 1021.9m, 12.573.jpg	gtFine/train/20221102_170210_053_40.15269°, -0.84964°, 1021.9m, 12.573_gtFine_labelIds.png
leftImg8bit/train/20221104_174621_055_39.66868°, -0.27569°, 40.3m, 0.jpg	gtFine/train/20221104_174621_055_39.66868°, -0.27569°, 40.3m, 0_gtFine_labelIds.png
leftImg8bit/train/20221102_161022_013_39.95014°, -0.67507°, 924.2m, 6.90899.jpg	gtFine/train/20221102_161022_013_39.95014°, -0.67507°, 924.2m, 6.90899_gtFine_labelIds.png
